Determining if files sys/file.h;sys/ioctl.h;sys/resource.h;sys/socket.h;sys/stat.h;sys/time.h;sys/types.h;features.h;dirent.h;unistd.h;pwd.h;globus/common.h exist failed with the following output:
Change Dir: /home/anri/Projects/hdf5/build/cmake-external/CMakeFiles/CMakeTmp

Run Build Command(s):/usr/bin/gmake -f Makefile cmTC_4ee64/fast && /usr/bin/gmake  -f CMakeFiles/cmTC_4ee64.dir/build.make CMakeFiles/cmTC_4ee64.dir/build
gmake[1]: Entering directory '/home/anri/Projects/hdf5/build/cmake-external/CMakeFiles/CMakeTmp'
Building C object CMakeFiles/cmTC_4ee64.dir/H5_HAVE_GLOBUS_COMMON_H.c.o
/usr/bin/cc    -o CMakeFiles/cmTC_4ee64.dir/H5_HAVE_GLOBUS_COMMON_H.c.o -c /home/anri/Projects/hdf5/build/cmake-external/CMakeFiles/CheckIncludeFiles/H5_HAVE_GLOBUS_COMMON_H.c
/home/anri/Projects/hdf5/build/cmake-external/CMakeFiles/CheckIncludeFiles/H5_HAVE_GLOBUS_COMMON_H.c:13:10: fatal error: globus/common.h: No such file or directory
   13 | #include <globus/common.h>
      |          ^~~~~~~~~~~~~~~~~
compilation terminated.
gmake[1]: *** [CMakeFiles/cmTC_4ee64.dir/build.make:78: CMakeFiles/cmTC_4ee64.dir/H5_HAVE_GLOBUS_COMMON_H.c.o] Error 1
gmake[1]: Leaving directory '/home/anri/Projects/hdf5/build/cmake-external/CMakeFiles/CMakeTmp'
gmake: *** [Makefile:127: cmTC_4ee64/fast] Error 2


Source:
/* */
#include <sys/file.h>
#include <sys/ioctl.h>
#include <sys/resource.h>
#include <sys/socket.h>
#include <sys/stat.h>
#include <sys/time.h>
#include <sys/types.h>
#include <features.h>
#include <dirent.h>
#include <unistd.h>
#include <pwd.h>
#include <globus/common.h>


int main(void){return 0;}

Determining if files sys/file.h;sys/ioctl.h;sys/resource.h;sys/socket.h;sys/stat.h;sys/time.h;sys/types.h;features.h;dirent.h;unistd.h;pwd.h;pdb.h exist failed with the following output:
Change Dir: /home/anri/Projects/hdf5/build/cmake-external/CMakeFiles/CMakeTmp

Run Build Command(s):/usr/bin/gmake -f Makefile cmTC_e3fc3/fast && /usr/bin/gmake  -f CMakeFiles/cmTC_e3fc3.dir/build.make CMakeFiles/cmTC_e3fc3.dir/build
gmake[1]: Entering directory '/home/anri/Projects/hdf5/build/cmake-external/CMakeFiles/CMakeTmp'
Building C object CMakeFiles/cmTC_e3fc3.dir/H5_HAVE_PDB_H.c.o
/usr/bin/cc    -o CMakeFiles/cmTC_e3fc3.dir/H5_HAVE_PDB_H.c.o -c /home/anri/Projects/hdf5/build/cmake-external/CMakeFiles/CheckIncludeFiles/H5_HAVE_PDB_H.c
/home/anri/Projects/hdf5/build/cmake-external/CMakeFiles/CheckIncludeFiles/H5_HAVE_PDB_H.c:13:10: fatal error: pdb.h: No such file or directory
   13 | #include <pdb.h>
      |          ^~~~~~~
compilation terminated.
gmake[1]: *** [CMakeFiles/cmTC_e3fc3.dir/build.make:78: CMakeFiles/cmTC_e3fc3.dir/H5_HAVE_PDB_H.c.o] Error 1
gmake[1]: Leaving directory '/home/anri/Projects/hdf5/build/cmake-external/CMakeFiles/CMakeTmp'
gmake: *** [Makefile:127: cmTC_e3fc3/fast] Error 2


Source:
/* */
#include <sys/file.h>
#include <sys/ioctl.h>
#include <sys/resource.h>
#include <sys/socket.h>
#include <sys/stat.h>
#include <sys/time.h>
#include <sys/types.h>
#include <features.h>
#include <dirent.h>
#include <unistd.h>
#include <pwd.h>
#include <pdb.h>


int main(void){return 0;}

Determining if files sys/file.h;sys/ioctl.h;sys/resource.h;sys/socket.h;sys/stat.h;sys/time.h;sys/types.h;features.h;dirent.h;unistd.h;pwd.h;pthread.h;srbclient.h exist failed with the following output:
Change Dir: /home/anri/Projects/hdf5/build/cmake-external/CMakeFiles/CMakeTmp

Run Build Command(s):/usr/bin/gmake -f Makefile cmTC_92716/fast && /usr/bin/gmake  -f CMakeFiles/cmTC_92716.dir/build.make CMakeFiles/cmTC_92716.dir/build
gmake[1]: Entering directory '/home/anri/Projects/hdf5/build/cmake-external/CMakeFiles/CMakeTmp'
Building C object CMakeFiles/cmTC_92716.dir/H5_HAVE_SRBCLIENT_H.c.o
/usr/bin/cc    -o CMakeFiles/cmTC_92716.dir/H5_HAVE_SRBCLIENT_H.c.o -c /home/anri/Projects/hdf5/build/cmake-external/CMakeFiles/CheckIncludeFiles/H5_HAVE_SRBCLIENT_H.c
/home/anri/Projects/hdf5/build/cmake-external/CMakeFiles/CheckIncludeFiles/H5_HAVE_SRBCLIENT_H.c:14:10: fatal error: srbclient.h: No such file or directory
   14 | #include <srbclient.h>
      |          ^~~~~~~~~~~~~
compilation terminated.
gmake[1]: *** [CMakeFiles/cmTC_92716.dir/build.make:78: CMakeFiles/cmTC_92716.dir/H5_HAVE_SRBCLIENT_H.c.o] Error 1
gmake[1]: Leaving directory '/home/anri/Projects/hdf5/build/cmake-external/CMakeFiles/CMakeTmp'
gmake: *** [Makefile:127: cmTC_92716/fast] Error 2


Source:
/* */
#include <sys/file.h>
#include <sys/ioctl.h>
#include <sys/resource.h>
#include <sys/socket.h>
#include <sys/stat.h>
#include <sys/time.h>
#include <sys/types.h>
#include <features.h>
#include <dirent.h>
#include <unistd.h>
#include <pwd.h>
#include <pthread.h>
#include <srbclient.h>


int main(void){return 0;}

Determining if the function WSAStartup exists in the ws2_32;m;dl failed with the following output:
Change Dir: /home/anri/Projects/hdf5/build/cmake-external/CMakeFiles/CMakeTmp

Run Build Command(s):/usr/bin/gmake -f Makefile cmTC_bb419/fast && /usr/bin/gmake  -f CMakeFiles/cmTC_bb419.dir/build.make CMakeFiles/cmTC_bb419.dir/build
gmake[1]: Entering directory '/home/anri/Projects/hdf5/build/cmake-external/CMakeFiles/CMakeTmp'
Building C object CMakeFiles/cmTC_bb419.dir/CheckFunctionExists.c.o
/usr/bin/cc   -DCHECK_FUNCTION_EXISTS=WSAStartup -o CMakeFiles/cmTC_bb419.dir/CheckFunctionExists.c.o -c /usr/share/cmake-3.22/Modules/CheckFunctionExists.c
Linking C executable cmTC_bb419
/usr/bin/cmake -E cmake_link_script CMakeFiles/cmTC_bb419.dir/link.txt --verbose=1
/usr/bin/cc  -DCHECK_FUNCTION_EXISTS=WSAStartup CMakeFiles/cmTC_bb419.dir/CheckFunctionExists.c.o -o cmTC_bb419  -lws2_32 -lm -ldl 
/usr/bin/ld: cannot find -lws2_32: No such file or directory
collect2: error: ld returned 1 exit status
gmake[1]: *** [CMakeFiles/cmTC_bb419.dir/build.make:99: cmTC_bb419] Error 1
gmake[1]: Leaving directory '/home/anri/Projects/hdf5/build/cmake-external/CMakeFiles/CMakeTmp'
gmake: *** [Makefile:127: cmTC_bb419/fast] Error 2



Determining if the function gethostbyname exists in the wsock32;m;dl failed with the following output:
Change Dir: /home/anri/Projects/hdf5/build/cmake-external/CMakeFiles/CMakeTmp

Run Build Command(s):/usr/bin/gmake -f Makefile cmTC_0606b/fast && /usr/bin/gmake  -f CMakeFiles/cmTC_0606b.dir/build.make CMakeFiles/cmTC_0606b.dir/build
gmake[1]: Entering directory '/home/anri/Projects/hdf5/build/cmake-external/CMakeFiles/CMakeTmp'
Building C object CMakeFiles/cmTC_0606b.dir/CheckFunctionExists.c.o
/usr/bin/cc   -DCHECK_FUNCTION_EXISTS=gethostbyname -o CMakeFiles/cmTC_0606b.dir/CheckFunctionExists.c.o -c /usr/share/cmake-3.22/Modules/CheckFunctionExists.c
Linking C executable cmTC_0606b
/usr/bin/cmake -E cmake_link_script CMakeFiles/cmTC_0606b.dir/link.txt --verbose=1
/usr/bin/cc  -DCHECK_FUNCTION_EXISTS=gethostbyname CMakeFiles/cmTC_0606b.dir/CheckFunctionExists.c.o -o cmTC_0606b  -lwsock32 -lm -ldl 
/usr/bin/ld: cannot find -lwsock32: No such file or directory
collect2: error: ld returned 1 exit status
gmake[1]: *** [CMakeFiles/cmTC_0606b.dir/build.make:99: cmTC_0606b] Error 1
gmake[1]: Leaving directory '/home/anri/Projects/hdf5/build/cmake-external/CMakeFiles/CMakeTmp'
gmake: *** [Makefile:127: cmTC_0606b/fast] Error 2



Determining if the function gethostname exists in the ucb;m;dl failed with the following output:
Change Dir: /home/anri/Projects/hdf5/build/cmake-external/CMakeFiles/CMakeTmp

Run Build Command(s):/usr/bin/gmake -f Makefile cmTC_e76e0/fast && /usr/bin/gmake  -f CMakeFiles/cmTC_e76e0.dir/build.make CMakeFiles/cmTC_e76e0.dir/build
gmake[1]: Entering directory '/home/anri/Projects/hdf5/build/cmake-external/CMakeFiles/CMakeTmp'
Building C object CMakeFiles/cmTC_e76e0.dir/CheckFunctionExists.c.o
/usr/bin/cc   -DCHECK_FUNCTION_EXISTS=gethostname -o CMakeFiles/cmTC_e76e0.dir/CheckFunctionExists.c.o -c /usr/share/cmake-3.22/Modules/CheckFunctionExists.c
Linking C executable cmTC_e76e0
/usr/bin/cmake -E cmake_link_script CMakeFiles/cmTC_e76e0.dir/link.txt --verbose=1
/usr/bin/cc  -DCHECK_FUNCTION_EXISTS=gethostname CMakeFiles/cmTC_e76e0.dir/CheckFunctionExists.c.o -o cmTC_e76e0  -lucb -lm -ldl 
/usr/bin/ld: cannot find -lucb: No such file or directory
collect2: error: ld returned 1 exit status
gmake[1]: *** [CMakeFiles/cmTC_e76e0.dir/build.make:99: cmTC_e76e0] Error 1
gmake[1]: Leaving directory '/home/anri/Projects/hdf5/build/cmake-external/CMakeFiles/CMakeTmp'
gmake: *** [Makefile:127: cmTC_e76e0/fast] Error 2



Determining if the variable CLOCK_MONOTONIC exists failed with the following output:
Change Dir: /home/anri/Projects/hdf5/build/cmake-external/CMakeFiles/CMakeTmp

Run Build Command(s):/usr/bin/gmake -f Makefile cmTC_ac63d/fast && /usr/bin/gmake  -f CMakeFiles/cmTC_ac63d.dir/build.make CMakeFiles/cmTC_ac63d.dir/build
gmake[1]: Entering directory '/home/anri/Projects/hdf5/build/cmake-external/CMakeFiles/CMakeTmp'
Building C object CMakeFiles/cmTC_ac63d.dir/CheckVariableExists.c.o
/usr/bin/cc -D_FILE_OFFSET_BITS=64 -D_LARGEFILE64_SOURCE -D_LARGEFILE_SOURCE  -DCHECK_VARIABLE_EXISTS=CLOCK_MONOTONIC -o CMakeFiles/cmTC_ac63d.dir/CheckVariableExists.c.o -c /usr/share/cmake-3.22/Modules/CheckVariableExists.c
Linking C executable cmTC_ac63d
/usr/bin/cmake -E cmake_link_script CMakeFiles/cmTC_ac63d.dir/link.txt --verbose=1
/usr/bin/cc  -DCHECK_VARIABLE_EXISTS=CLOCK_MONOTONIC CMakeFiles/cmTC_ac63d.dir/CheckVariableExists.c.o -o cmTC_ac63d 
/usr/bin/ld: CMakeFiles/cmTC_ac63d.dir/CheckVariableExists.c.o: warning: relocation against `CLOCK_MONOTONIC' in read-only section `.text'
/usr/bin/ld: CMakeFiles/cmTC_ac63d.dir/CheckVariableExists.c.o: in function `main':
CheckVariableExists.c:(.text+0x29): undefined reference to `CLOCK_MONOTONIC'
/usr/bin/ld: warning: creating DT_TEXTREL in a PIE
collect2: error: ld returned 1 exit status
gmake[1]: *** [CMakeFiles/cmTC_ac63d.dir/build.make:99: cmTC_ac63d] Error 1
gmake[1]: Leaving directory '/home/anri/Projects/hdf5/build/cmake-external/CMakeFiles/CMakeTmp'
gmake: *** [Makefile:127: cmTC_ac63d/fast] Error 2



Performing C SOURCE FILE Test H5_HAVE___TM_GMTOFF failed with the following output:
Change Dir: /home/anri/Projects/hdf5/build/cmake-external/CMakeFiles/CMakeTmp

Run Build Command(s):/usr/bin/gmake -f Makefile cmTC_8e280/fast && /usr/bin/gmake  -f CMakeFiles/cmTC_8e280.dir/build.make CMakeFiles/cmTC_8e280.dir/build
gmake[1]: Entering directory '/home/anri/Projects/hdf5/build/cmake-external/CMakeFiles/CMakeTmp'
Building C object CMakeFiles/cmTC_8e280.dir/src.c.o
/usr/bin/cc -DH5_HAVE___TM_GMTOFF -D_FILE_OFFSET_BITS=64 -D_LARGEFILE64_SOURCE -D_LARGEFILE_SOURCE   -o CMakeFiles/cmTC_8e280.dir/src.c.o -c /home/anri/Projects/hdf5/build/cmake-external/CMakeFiles/CMakeTmp/src.c
/home/anri/Projects/hdf5/build/cmake-external/CMakeFiles/CMakeTmp/src.c: In function ‘main’:
/home/anri/Projects/hdf5/build/cmake-external/CMakeFiles/CMakeTmp/src.c:6:34: error: ‘struct tm’ has no member named ‘__tm_gmtoff’; did you mean ‘tm_gmtoff’?
    6 |   (void)sizeof(((struct tm *)0)->__tm_gmtoff);
      |                                  ^~~~~~~~~~~
      |                                  tm_gmtoff
gmake[1]: *** [CMakeFiles/cmTC_8e280.dir/build.make:78: CMakeFiles/cmTC_8e280.dir/src.c.o] Error 1
gmake[1]: Leaving directory '/home/anri/Projects/hdf5/build/cmake-external/CMakeFiles/CMakeTmp'
gmake: *** [Makefile:127: cmTC_8e280/fast] Error 2


Source file was:

#include <time.h>

int main()
{
  (void)sizeof(((struct tm *)0)->__tm_gmtoff);
  return 0;
}

Performing C SOURCE FILE Test H5_HAVE_STRUCT_TIMEZONE failed with the following output:
Change Dir: /home/anri/Projects/hdf5/build/cmake-external/CMakeFiles/CMakeTmp

Run Build Command(s):/usr/bin/gmake -f Makefile cmTC_4091b/fast && /usr/bin/gmake  -f CMakeFiles/cmTC_4091b.dir/build.make CMakeFiles/cmTC_4091b.dir/build
gmake[1]: Entering directory '/home/anri/Projects/hdf5/build/cmake-external/CMakeFiles/CMakeTmp'
Building C object CMakeFiles/cmTC_4091b.dir/src.c.o
/usr/bin/cc -DH5_HAVE_STRUCT_TIMEZONE -D_FILE_OFFSET_BITS=64 -D_LARGEFILE64_SOURCE -D_LARGEFILE_SOURCE   -o CMakeFiles/cmTC_4091b.dir/src.c.o -c /home/anri/Projects/hdf5/build/cmake-external/CMakeFiles/CMakeTmp/src.c
/home/anri/Projects/hdf5/build/cmake-external/CMakeFiles/CMakeTmp/src.c: In function ‘main’:
/home/anri/Projects/hdf5/build/cmake-external/CMakeFiles/CMakeTmp/src.c:8:32: error: ‘struct tm’ has no member named ‘tz_minuteswest’
    8 |   (void)sizeof(((struct tm *)0)->tz_minuteswest);
      |                                ^~
gmake[1]: *** [CMakeFiles/cmTC_4091b.dir/build.make:78: CMakeFiles/cmTC_4091b.dir/src.c.o] Error 1
gmake[1]: Leaving directory '/home/anri/Projects/hdf5/build/cmake-external/CMakeFiles/CMakeTmp'
gmake: *** [Makefile:127: cmTC_4091b/fast] Error 2


Source file was:

#include <sys/types.h>
#include <sys/time.h>
#include <time.h>

int main()
{
  (void)sizeof(((struct tm *)0)->tz_minuteswest);
  return 0;
}

Performing Other Test HAVE_TM_ZONE failed with the following output:
Change Dir: /home/anri/Projects/hdf5/build/cmake-external/CMakeFiles/CMakeTmp

Run Build Command(s):/usr/bin/gmake -f Makefile cmTC_e688f/fast && /usr/bin/gmake  -f CMakeFiles/cmTC_e688f.dir/build.make CMakeFiles/cmTC_e688f.dir/build
gmake[1]: Entering directory '/home/anri/Projects/hdf5/build/cmake-external/CMakeFiles/CMakeTmp'
Building C object CMakeFiles/cmTC_e688f.dir/HDFTests.c.o
/usr/bin/cc   -DHAVE_TM_ZONE  -DHAVE_SYS_TIME_H -DHAVE_UNISTD_H -DHAVE_SYS_TYPES_H -DHAVE_SYS_SOCKET_H -D_FILE_OFFSET_BITS=64 -D_LARGEFILE64_SOURCE -D_LARGEFILE_SOURCE -o CMakeFiles/cmTC_e688f.dir/HDFTests.c.o -c /home/anri/Projects/hdf5/config/cmake/HDFTests.c
Linking C executable cmTC_e688f
/usr/bin/cmake -E cmake_link_script CMakeFiles/cmTC_e688f.dir/link.txt --verbose=1
/usr/bin/cc CMakeFiles/cmTC_e688f.dir/HDFTests.c.o -o cmTC_e688f  -lm -ldl 
/usr/bin/ld: /usr/lib/gcc/x86_64-linux-gnu/11/../../../x86_64-linux-gnu/Scrt1.o: in function `_start':
(.text+0x1b): undefined reference to `main'
collect2: error: ld returned 1 exit status
gmake[1]: *** [CMakeFiles/cmTC_e688f.dir/build.make:99: cmTC_e688f] Error 1
gmake[1]: Leaving directory '/home/anri/Projects/hdf5/build/cmake-external/CMakeFiles/CMakeTmp'
gmake: *** [Makefile:127: cmTC_e688f/fast] Error 2


Performing Other Test HAVE_STRUCT_TM_TM_ZONE failed with the following output:
Change Dir: /home/anri/Projects/hdf5/build/cmake-external/CMakeFiles/CMakeTmp

Run Build Command(s):/usr/bin/gmake -f Makefile cmTC_fc055/fast && /usr/bin/gmake  -f CMakeFiles/cmTC_fc055.dir/build.make CMakeFiles/cmTC_fc055.dir/build
gmake[1]: Entering directory '/home/anri/Projects/hdf5/build/cmake-external/CMakeFiles/CMakeTmp'
Building C object CMakeFiles/cmTC_fc055.dir/HDFTests.c.o
/usr/bin/cc   -DHAVE_STRUCT_TM_TM_ZONE  -DHAVE_SYS_TIME_H -DHAVE_UNISTD_H -DHAVE_SYS_TYPES_H -DHAVE_SYS_SOCKET_H -D_FILE_OFFSET_BITS=64 -D_LARGEFILE64_SOURCE -D_LARGEFILE_SOURCE -o CMakeFiles/cmTC_fc055.dir/HDFTests.c.o -c /home/anri/Projects/hdf5/config/cmake/HDFTests.c
Linking C executable cmTC_fc055
/usr/bin/cmake -E cmake_link_script CMakeFiles/cmTC_fc055.dir/link.txt --verbose=1
/usr/bin/cc CMakeFiles/cmTC_fc055.dir/HDFTests.c.o -o cmTC_fc055  -lm -ldl 
/usr/bin/ld: /usr/lib/gcc/x86_64-linux-gnu/11/../../../x86_64-linux-gnu/Scrt1.o: in function `_start':
(.text+0x1b): undefined reference to `main'
collect2: error: ld returned 1 exit status
gmake[1]: *** [CMakeFiles/cmTC_fc055.dir/build.make:99: cmTC_fc055] Error 1
gmake[1]: Leaving directory '/home/anri/Projects/hdf5/build/cmake-external/CMakeFiles/CMakeTmp'
gmake: *** [Makefile:127: cmTC_fc055/fast] Error 2


Performing C SOURCE FILE Test H5_HAVE_STRUCT_VIDEOCONFIG failed with the following output:
Change Dir: /home/anri/Projects/hdf5/build/cmake-external/CMakeFiles/CMakeTmp

Run Build Command(s):/usr/bin/gmake -f Makefile cmTC_5d00b/fast && /usr/bin/gmake  -f CMakeFiles/cmTC_5d00b.dir/build.make CMakeFiles/cmTC_5d00b.dir/build
gmake[1]: Entering directory '/home/anri/Projects/hdf5/build/cmake-external/CMakeFiles/CMakeTmp'
Building C object CMakeFiles/cmTC_5d00b.dir/src.c.o
/usr/bin/cc -DH5_HAVE_STRUCT_VIDEOCONFIG -D_FILE_OFFSET_BITS=64 -D_LARGEFILE64_SOURCE -D_LARGEFILE_SOURCE   -o CMakeFiles/cmTC_5d00b.dir/src.c.o -c /home/anri/Projects/hdf5/build/cmake-external/CMakeFiles/CMakeTmp/src.c
/home/anri/Projects/hdf5/build/cmake-external/CMakeFiles/CMakeTmp/src.c: In function ‘main’:
/home/anri/Projects/hdf5/build/cmake-external/CMakeFiles/CMakeTmp/src.c:5:41: error: invalid use of undefined type ‘struct videoconfig’
    5 |   (void)sizeof(((struct videoconfig *)0)->numtextcols);
      |                                         ^~
gmake[1]: *** [CMakeFiles/cmTC_5d00b.dir/build.make:78: CMakeFiles/cmTC_5d00b.dir/src.c.o] Error 1
gmake[1]: Leaving directory '/home/anri/Projects/hdf5/build/cmake-external/CMakeFiles/CMakeTmp'
gmake: *** [Makefile:127: cmTC_5d00b/fast] Error 2


Source file was:


int main()
{
  (void)sizeof(((struct videoconfig *)0)->numtextcols);
  return 0;
}

Performing C SOURCE FILE Test H5_HAVE_STRUCT_TEXT_INFO failed with the following output:
Change Dir: /home/anri/Projects/hdf5/build/cmake-external/CMakeFiles/CMakeTmp

Run Build Command(s):/usr/bin/gmake -f Makefile cmTC_6105e/fast && /usr/bin/gmake  -f CMakeFiles/cmTC_6105e.dir/build.make CMakeFiles/cmTC_6105e.dir/build
gmake[1]: Entering directory '/home/anri/Projects/hdf5/build/cmake-external/CMakeFiles/CMakeTmp'
Building C object CMakeFiles/cmTC_6105e.dir/src.c.o
/usr/bin/cc -DH5_HAVE_STRUCT_TEXT_INFO -D_FILE_OFFSET_BITS=64 -D_LARGEFILE64_SOURCE -D_LARGEFILE_SOURCE   -o CMakeFiles/cmTC_6105e.dir/src.c.o -c /home/anri/Projects/hdf5/build/cmake-external/CMakeFiles/CMakeTmp/src.c
/home/anri/Projects/hdf5/build/cmake-external/CMakeFiles/CMakeTmp/src.c: In function ‘main’:
/home/anri/Projects/hdf5/build/cmake-external/CMakeFiles/CMakeTmp/src.c:5:39: error: invalid use of undefined type ‘struct text_info’
    5 |   (void)sizeof(((struct text_info *)0)->screenwidth);
      |                                       ^~
gmake[1]: *** [CMakeFiles/cmTC_6105e.dir/build.make:78: CMakeFiles/cmTC_6105e.dir/src.c.o] Error 1
gmake[1]: Leaving directory '/home/anri/Projects/hdf5/build/cmake-external/CMakeFiles/CMakeTmp'
gmake: *** [Makefile:127: cmTC_6105e/fast] Error 2


Source file was:


int main()
{
  (void)sizeof(((struct text_info *)0)->screenwidth);
  return 0;
}

Determining if the function _getvideoconfig exists failed with the following output:
Change Dir: /home/anri/Projects/hdf5/build/cmake-external/CMakeFiles/CMakeTmp

Run Build Command(s):/usr/bin/gmake -f Makefile cmTC_f2a8b/fast && /usr/bin/gmake  -f CMakeFiles/cmTC_f2a8b.dir/build.make CMakeFiles/cmTC_f2a8b.dir/build
gmake[1]: Entering directory '/home/anri/Projects/hdf5/build/cmake-external/CMakeFiles/CMakeTmp'
Building C object CMakeFiles/cmTC_f2a8b.dir/CheckFunctionExists.c.o
/usr/bin/cc -D_FILE_OFFSET_BITS=64 -D_LARGEFILE64_SOURCE -D_LARGEFILE_SOURCE  -DCHECK_FUNCTION_EXISTS=_getvideoconfig -o CMakeFiles/cmTC_f2a8b.dir/CheckFunctionExists.c.o -c /usr/share/cmake-3.22/Modules/CheckFunctionExists.c
Linking C executable cmTC_f2a8b
/usr/bin/cmake -E cmake_link_script CMakeFiles/cmTC_f2a8b.dir/link.txt --verbose=1
/usr/bin/cc  -DCHECK_FUNCTION_EXISTS=_getvideoconfig CMakeFiles/cmTC_f2a8b.dir/CheckFunctionExists.c.o -o cmTC_f2a8b 
/usr/bin/ld: CMakeFiles/cmTC_f2a8b.dir/CheckFunctionExists.c.o: in function `main':
CheckFunctionExists.c:(.text+0x14): undefined reference to `_getvideoconfig'
collect2: error: ld returned 1 exit status
gmake[1]: *** [CMakeFiles/cmTC_f2a8b.dir/build.make:99: cmTC_f2a8b] Error 1
gmake[1]: Leaving directory '/home/anri/Projects/hdf5/build/cmake-external/CMakeFiles/CMakeTmp'
gmake: *** [Makefile:127: cmTC_f2a8b/fast] Error 2



Determining if the function gettextinfo exists failed with the following output:
Change Dir: /home/anri/Projects/hdf5/build/cmake-external/CMakeFiles/CMakeTmp

Run Build Command(s):/usr/bin/gmake -f Makefile cmTC_1d095/fast && /usr/bin/gmake  -f CMakeFiles/cmTC_1d095.dir/build.make CMakeFiles/cmTC_1d095.dir/build
gmake[1]: Entering directory '/home/anri/Projects/hdf5/build/cmake-external/CMakeFiles/CMakeTmp'
Building C object CMakeFiles/cmTC_1d095.dir/CheckFunctionExists.c.o
/usr/bin/cc -D_FILE_OFFSET_BITS=64 -D_LARGEFILE64_SOURCE -D_LARGEFILE_SOURCE  -DCHECK_FUNCTION_EXISTS=gettextinfo -o CMakeFiles/cmTC_1d095.dir/CheckFunctionExists.c.o -c /usr/share/cmake-3.22/Modules/CheckFunctionExists.c
Linking C executable cmTC_1d095
/usr/bin/cmake -E cmake_link_script CMakeFiles/cmTC_1d095.dir/link.txt --verbose=1
/usr/bin/cc  -DCHECK_FUNCTION_EXISTS=gettextinfo CMakeFiles/cmTC_1d095.dir/CheckFunctionExists.c.o -o cmTC_1d095 
/usr/bin/ld: CMakeFiles/cmTC_1d095.dir/CheckFunctionExists.c.o: in function `main':
CheckFunctionExists.c:(.text+0x14): undefined reference to `gettextinfo'
collect2: error: ld returned 1 exit status
gmake[1]: *** [CMakeFiles/cmTC_1d095.dir/build.make:99: cmTC_1d095] Error 1
gmake[1]: Leaving directory '/home/anri/Projects/hdf5/build/cmake-external/CMakeFiles/CMakeTmp'
gmake: *** [Makefile:127: cmTC_1d095/fast] Error 2



Determining if the function _scrsize exists failed with the following output:
Change Dir: /home/anri/Projects/hdf5/build/cmake-external/CMakeFiles/CMakeTmp

Run Build Command(s):/usr/bin/gmake -f Makefile cmTC_e8d49/fast && /usr/bin/gmake  -f CMakeFiles/cmTC_e8d49.dir/build.make CMakeFiles/cmTC_e8d49.dir/build
gmake[1]: Entering directory '/home/anri/Projects/hdf5/build/cmake-external/CMakeFiles/CMakeTmp'
Building C object CMakeFiles/cmTC_e8d49.dir/CheckFunctionExists.c.o
/usr/bin/cc -D_FILE_OFFSET_BITS=64 -D_LARGEFILE64_SOURCE -D_LARGEFILE_SOURCE  -DCHECK_FUNCTION_EXISTS=_scrsize -o CMakeFiles/cmTC_e8d49.dir/CheckFunctionExists.c.o -c /usr/share/cmake-3.22/Modules/CheckFunctionExists.c
Linking C executable cmTC_e8d49
/usr/bin/cmake -E cmake_link_script CMakeFiles/cmTC_e8d49.dir/link.txt --verbose=1
/usr/bin/cc  -DCHECK_FUNCTION_EXISTS=_scrsize CMakeFiles/cmTC_e8d49.dir/CheckFunctionExists.c.o -o cmTC_e8d49 
/usr/bin/ld: CMakeFiles/cmTC_e8d49.dir/CheckFunctionExists.c.o: in function `main':
CheckFunctionExists.c:(.text+0x14): undefined reference to `_scrsize'
collect2: error: ld returned 1 exit status
gmake[1]: *** [CMakeFiles/cmTC_e8d49.dir/build.make:99: cmTC_e8d49] Error 1
gmake[1]: Leaving directory '/home/anri/Projects/hdf5/build/cmake-external/CMakeFiles/CMakeTmp'
gmake: *** [Makefile:127: cmTC_e8d49/fast] Error 2



Determining if the function GetConsoleScreenBufferInfo exists failed with the following output:
Change Dir: /home/anri/Projects/hdf5/build/cmake-external/CMakeFiles/CMakeTmp

Run Build Command(s):/usr/bin/gmake -f Makefile cmTC_3448c/fast && /usr/bin/gmake  -f CMakeFiles/cmTC_3448c.dir/build.make CMakeFiles/cmTC_3448c.dir/build
gmake[1]: Entering directory '/home/anri/Projects/hdf5/build/cmake-external/CMakeFiles/CMakeTmp'
Building C object CMakeFiles/cmTC_3448c.dir/CheckFunctionExists.c.o
/usr/bin/cc -D_FILE_OFFSET_BITS=64 -D_LARGEFILE64_SOURCE -D_LARGEFILE_SOURCE  -DCHECK_FUNCTION_EXISTS=GetConsoleScreenBufferInfo -o CMakeFiles/cmTC_3448c.dir/CheckFunctionExists.c.o -c /usr/share/cmake-3.22/Modules/CheckFunctionExists.c
Linking C executable cmTC_3448c
/usr/bin/cmake -E cmake_link_script CMakeFiles/cmTC_3448c.dir/link.txt --verbose=1
/usr/bin/cc  -DCHECK_FUNCTION_EXISTS=GetConsoleScreenBufferInfo CMakeFiles/cmTC_3448c.dir/CheckFunctionExists.c.o -o cmTC_3448c 
/usr/bin/ld: CMakeFiles/cmTC_3448c.dir/CheckFunctionExists.c.o: in function `main':
CheckFunctionExists.c:(.text+0x14): undefined reference to `GetConsoleScreenBufferInfo'
collect2: error: ld returned 1 exit status
gmake[1]: *** [CMakeFiles/cmTC_3448c.dir/build.make:99: cmTC_3448c] Error 1
gmake[1]: Leaving directory '/home/anri/Projects/hdf5/build/cmake-external/CMakeFiles/CMakeTmp'
gmake: *** [Makefile:127: cmTC_3448c/fast] Error 2



Determining if the function clock_gettime exists in the posix4 failed with the following output:
Change Dir: /home/anri/Projects/hdf5/build/cmake-external/CMakeFiles/CMakeTmp

Run Build Command(s):/usr/bin/gmake -f Makefile cmTC_1d871/fast && /usr/bin/gmake  -f CMakeFiles/cmTC_1d871.dir/build.make CMakeFiles/cmTC_1d871.dir/build
gmake[1]: Entering directory '/home/anri/Projects/hdf5/build/cmake-external/CMakeFiles/CMakeTmp'
Building C object CMakeFiles/cmTC_1d871.dir/CheckFunctionExists.c.o
/usr/bin/cc -D_FILE_OFFSET_BITS=64 -D_LARGEFILE64_SOURCE -D_LARGEFILE_SOURCE  -DCHECK_FUNCTION_EXISTS=clock_gettime -o CMakeFiles/cmTC_1d871.dir/CheckFunctionExists.c.o -c /usr/share/cmake-3.22/Modules/CheckFunctionExists.c
Linking C executable cmTC_1d871
/usr/bin/cmake -E cmake_link_script CMakeFiles/cmTC_1d871.dir/link.txt --verbose=1
/usr/bin/cc  -DCHECK_FUNCTION_EXISTS=clock_gettime CMakeFiles/cmTC_1d871.dir/CheckFunctionExists.c.o -o cmTC_1d871  -lposix4 
/usr/bin/ld: cannot find -lposix4: No such file or directory
collect2: error: ld returned 1 exit status
gmake[1]: *** [CMakeFiles/cmTC_1d871.dir/build.make:99: cmTC_1d871] Error 1
gmake[1]: Leaving directory '/home/anri/Projects/hdf5/build/cmake-external/CMakeFiles/CMakeTmp'
gmake: *** [Makefile:127: cmTC_1d871/fast] Error 2



Determining size of _Quad failed with the following output:
Change Dir: /home/anri/Projects/hdf5/build/cmake-external/CMakeFiles/CMakeTmp

Run Build Command(s):/usr/bin/gmake -f Makefile cmTC_a6de7/fast && /usr/bin/gmake  -f CMakeFiles/cmTC_a6de7.dir/build.make CMakeFiles/cmTC_a6de7.dir/build
gmake[1]: Entering directory '/home/anri/Projects/hdf5/build/cmake-external/CMakeFiles/CMakeTmp'
Building C object CMakeFiles/cmTC_a6de7.dir/_SIZEOF__QUAD.c.o
/usr/bin/cc -D_FILE_OFFSET_BITS=64 -D_LARGEFILE64_SOURCE -D_LARGEFILE_SOURCE   -o CMakeFiles/cmTC_a6de7.dir/_SIZEOF__QUAD.c.o -c /home/anri/Projects/hdf5/build/cmake-external/CMakeFiles/CheckTypeSize/_SIZEOF__QUAD.c
/home/anri/Projects/hdf5/build/cmake-external/CMakeFiles/CheckTypeSize/_SIZEOF__QUAD.c:27:22: error: ‘_Quad’ undeclared here (not in a function)
   27 | #define SIZE (sizeof(_Quad))
      |                      ^~~~~
/home/anri/Projects/hdf5/build/cmake-external/CMakeFiles/CheckTypeSize/_SIZEOF__QUAD.c:29:12: note: in expansion of macro ‘SIZE’
   29 |   ('0' + ((SIZE / 10000)%10)),
      |            ^~~~
gmake[1]: *** [CMakeFiles/cmTC_a6de7.dir/build.make:78: CMakeFiles/cmTC_a6de7.dir/_SIZEOF__QUAD.c.o] Error 1
gmake[1]: Leaving directory '/home/anri/Projects/hdf5/build/cmake-external/CMakeFiles/CMakeTmp'
gmake: *** [Makefile:127: cmTC_a6de7/fast] Error 2


/home/anri/Projects/hdf5/build/cmake-external/CMakeFiles/CheckTypeSize/_SIZEOF__QUAD.c:
#include <sys/types.h>
#include <stdint.h>
#include <stddef.h>


#undef KEY
#if defined(__i386)
# define KEY '_','_','i','3','8','6'
#elif defined(__x86_64)
# define KEY '_','_','x','8','6','_','6','4'
#elif defined(__PPC64__)
# define KEY '_','_','P','P','C','6','4','_','_'
#elif defined(__ppc64__)
# define KEY '_','_','p','p','c','6','4','_','_'
#elif defined(__PPC__)
# define KEY '_','_','P','P','C','_','_'
#elif defined(__ppc__)
# define KEY '_','_','p','p','c','_','_'
#elif defined(__aarch64__)
# define KEY '_','_','a','a','r','c','h','6','4','_','_'
#elif defined(__ARM_ARCH_7A__)
# define KEY '_','_','A','R','M','_','A','R','C','H','_','7','A','_','_'
#elif defined(__ARM_ARCH_7S__)
# define KEY '_','_','A','R','M','_','A','R','C','H','_','7','S','_','_'
#endif

#define SIZE (sizeof(_Quad))
static char info_size[] =  {'I', 'N', 'F', 'O', ':', 's','i','z','e','[',
  ('0' + ((SIZE / 10000)%10)),
  ('0' + ((SIZE / 1000)%10)),
  ('0' + ((SIZE / 100)%10)),
  ('0' + ((SIZE / 10)%10)),
  ('0' +  (SIZE    % 10)),
  ']',
#ifdef KEY
  ' ','k','e','y','[', KEY, ']',
#endif
  '\0'};

#ifdef __CLASSIC_C__
int main(argc, argv) int argc; char *argv[];
#else
int main(int argc, char *argv[])
#endif
{
  int require = 0;
  require += info_size[argc];
  (void)argv;
  return require;
}


Test H5_LDOUBLE_TO_LONG_SPECIAL Run failed with the following output and exit code:
 Change Dir: /home/anri/Projects/hdf5/build/cmake-external/CMakeFiles/CMakeTmp

Run Build Command(s):/usr/bin/gmake -f Makefile cmTC_41f86/fast && /usr/bin/gmake  -f CMakeFiles/cmTC_41f86.dir/build.make CMakeFiles/cmTC_41f86.dir/build
gmake[1]: Entering directory '/home/anri/Projects/hdf5/build/cmake-external/CMakeFiles/CMakeTmp'
Building C object CMakeFiles/cmTC_41f86.dir/ConversionTests.c.o
/usr/bin/cc   -DH5_LDOUBLE_TO_LONG_SPECIAL_TEST -o CMakeFiles/cmTC_41f86.dir/ConversionTests.c.o -c /home/anri/Projects/hdf5/config/cmake/ConversionTests.c
Linking C executable cmTC_41f86
/usr/bin/cmake -E cmake_link_script CMakeFiles/cmTC_41f86.dir/link.txt --verbose=1
/usr/bin/cc  -DH5_LDOUBLE_TO_LONG_SPECIAL_TEST CMakeFiles/cmTC_41f86.dir/ConversionTests.c.o -o cmTC_41f86 
gmake[1]: Leaving directory '/home/anri/Projects/hdf5/build/cmake-external/CMakeFiles/CMakeTmp'


Test H5_LONG_TO_LDOUBLE_SPECIAL Run failed with the following output and exit code:
 Change Dir: /home/anri/Projects/hdf5/build/cmake-external/CMakeFiles/CMakeTmp

Run Build Command(s):/usr/bin/gmake -f Makefile cmTC_e5819/fast && /usr/bin/gmake  -f CMakeFiles/cmTC_e5819.dir/build.make CMakeFiles/cmTC_e5819.dir/build
gmake[1]: Entering directory '/home/anri/Projects/hdf5/build/cmake-external/CMakeFiles/CMakeTmp'
Building C object CMakeFiles/cmTC_e5819.dir/ConversionTests.c.o
/usr/bin/cc   -DH5_LONG_TO_LDOUBLE_SPECIAL_TEST -o CMakeFiles/cmTC_e5819.dir/ConversionTests.c.o -c /home/anri/Projects/hdf5/config/cmake/ConversionTests.c
Linking C executable cmTC_e5819
/usr/bin/cmake -E cmake_link_script CMakeFiles/cmTC_e5819.dir/link.txt --verbose=1
/usr/bin/cc  -DH5_LONG_TO_LDOUBLE_SPECIAL_TEST CMakeFiles/cmTC_e5819.dir/ConversionTests.c.o -o cmTC_e5819 
gmake[1]: Leaving directory '/home/anri/Projects/hdf5/build/cmake-external/CMakeFiles/CMakeTmp'


Test H5_DISABLE_SOME_LDOUBLE_CONV Run failed with the following output and exit code:
 Change Dir: /home/anri/Projects/hdf5/build/cmake-external/CMakeFiles/CMakeTmp

Run Build Command(s):/usr/bin/gmake -f Makefile cmTC_4d889/fast && /usr/bin/gmake  -f CMakeFiles/cmTC_4d889.dir/build.make CMakeFiles/cmTC_4d889.dir/build
gmake[1]: Entering directory '/home/anri/Projects/hdf5/build/cmake-external/CMakeFiles/CMakeTmp'
Building C object CMakeFiles/cmTC_4d889.dir/ConversionTests.c.o
/usr/bin/cc   -DH5_DISABLE_SOME_LDOUBLE_CONV_TEST -o CMakeFiles/cmTC_4d889.dir/ConversionTests.c.o -c /home/anri/Projects/hdf5/config/cmake/ConversionTests.c
Linking C executable cmTC_4d889
/usr/bin/cmake -E cmake_link_script CMakeFiles/cmTC_4d889.dir/link.txt --verbose=1
/usr/bin/cc  -DH5_DISABLE_SOME_LDOUBLE_CONV_TEST CMakeFiles/cmTC_4d889.dir/ConversionTests.c.o -o cmTC_4d889 
gmake[1]: Leaving directory '/home/anri/Projects/hdf5/build/cmake-external/CMakeFiles/CMakeTmp'


